2015/08/25 21:30:16 [error] [exception.CHttpException.404] exception 'CHttpException' with message 'Unable to resolve the request "obcms".' in C:\xampp\htdocs\yii 1.1\framework\web\CWebApplication.php:286
Stack trace:
#0 C:\xampp\htdocs\yii 1.1\framework\web\CWebApplication.php(141): CWebApplication->runController('obcms')
#1 C:\xampp\htdocs\yii 1.1\framework\base\CApplication.php(184): CWebApplication->processRequest()
#2 C:\xampp\htdocs\mycms\index.php(13): CApplication->run()
#3 {main}
REQUEST_URI=/mycms/obcms
---
2015/08/25 21:31:34 [error] [exception.CHttpException.404] exception 'CHttpException' with message 'Unable to resolve the request "obcms".' in C:\xampp\htdocs\yii 1.1\framework\web\CWebApplication.php:286
Stack trace:
#0 C:\xampp\htdocs\yii 1.1\framework\web\CWebApplication.php(141): CWebApplication->runController('obcms')
#1 C:\xampp\htdocs\yii 1.1\framework\base\CApplication.php(184): CWebApplication->processRequest()
#2 C:\xampp\htdocs\mycms\index.php(13): CApplication->run()
#3 {main}
REQUEST_URI=/mycms/obcms
---
2015/08/25 21:36:52 [error] [exception.CHttpException.404] exception 'CHttpException' with message 'Unable to resolve the request "obcms/gii".' in C:\xampp\htdocs\yii 1.1\framework\web\CWebApplication.php:286
Stack trace:
#0 C:\xampp\htdocs\yii 1.1\framework\web\CWebApplication.php(141): CWebApplication->runController('obcms/gii')
#1 C:\xampp\htdocs\yii 1.1\framework\base\CApplication.php(184): CWebApplication->processRequest()
#2 C:\xampp\htdocs\mycms\index.php(13): CApplication->run()
#3 {main}
REQUEST_URI=/mycms/obcms/gii
---
2015/08/25 21:38:50 [error] [exception.CException] exception 'CException' with message 'Alias "application.modules.obSection" is invalid. Make sure it points to an existing PHP file and the file is readable.' in C:\xampp\htdocs\yii 1.1\framework\YiiBase.php:323
Stack trace:
#0 C:\xampp\htdocs\yii 1.1\framework\gii\generators\crud\CrudCode.php(59): YiiBase::import('application.mod...', true)
#1 C:\xampp\htdocs\yii 1.1\framework\validators\CInlineValidator.php(42): CrudCode->validateModel('model', Array)
#2 C:\xampp\htdocs\yii 1.1\framework\validators\CValidator.php(201): CInlineValidator->validateAttribute(Object(CrudCode), 'model')
#3 C:\xampp\htdocs\yii 1.1\framework\base\CModel.php(159): CValidator->validate(Object(CrudCode), NULL)
#4 C:\xampp\htdocs\yii 1.1\framework\gii\CCodeGenerator.php(159): CModel->validate()
#5 C:\xampp\htdocs\yii 1.1\framework\gii\CCodeGenerator.php(63): CCodeGenerator->prepare()
#6 C:\xampp\htdocs\yii 1.1\framework\web\actions\CInlineAction.php(49): CCodeGenerator->actionIndex()
#7 C:\xampp\htdocs\yii 1.1\framework\web\CController.php(308): CInlineAction->runWithParams(Array)
#8 C:\xampp\htdocs\yii 1.1\framework\web\CController.php(286): CController->runAction(Object(CInlineAction))
#9 C:\xampp\htdocs\yii 1.1\framework\web\CController.php(265): CController->runActionWithFilters(Object(CInlineAction), Array)
#10 C:\xampp\htdocs\yii 1.1\framework\web\CWebApplication.php(282): CController->run('index')
#11 C:\xampp\htdocs\yii 1.1\framework\web\CWebApplication.php(141): CWebApplication->runController('gii/crud/index')
#12 C:\xampp\htdocs\yii 1.1\framework\base\CApplication.php(184): CWebApplication->processRequest()
#13 C:\xampp\htdocs\mycms\index.php(13): CApplication->run()
#14 {main}
REQUEST_URI=/mycms/index.php/gii/crud/index
HTTP_REFERER=http://localhost/mycms/index.php/gii/crud/index
---
2015/08/25 21:39:16 [error] [exception.CException] exception 'CException' with message 'Alias "application.modules.obcms" is invalid. Make sure it points to an existing PHP file and the file is readable.' in C:\xampp\htdocs\yii 1.1\framework\YiiBase.php:323
Stack trace:
#0 C:\xampp\htdocs\yii 1.1\framework\gii\generators\crud\CrudCode.php(59): YiiBase::import('application.mod...', true)
#1 C:\xampp\htdocs\yii 1.1\framework\validators\CInlineValidator.php(42): CrudCode->validateModel('model', Array)
#2 C:\xampp\htdocs\yii 1.1\framework\validators\CValidator.php(201): CInlineValidator->validateAttribute(Object(CrudCode), 'model')
#3 C:\xampp\htdocs\yii 1.1\framework\base\CModel.php(159): CValidator->validate(Object(CrudCode), NULL)
#4 C:\xampp\htdocs\yii 1.1\framework\gii\CCodeGenerator.php(159): CModel->validate()
#5 C:\xampp\htdocs\yii 1.1\framework\gii\CCodeGenerator.php(63): CCodeGenerator->prepare()
#6 C:\xampp\htdocs\yii 1.1\framework\web\actions\CInlineAction.php(49): CCodeGenerator->actionIndex()
#7 C:\xampp\htdocs\yii 1.1\framework\web\CController.php(308): CInlineAction->runWithParams(Array)
#8 C:\xampp\htdocs\yii 1.1\framework\web\CController.php(286): CController->runAction(Object(CInlineAction))
#9 C:\xampp\htdocs\yii 1.1\framework\web\CController.php(265): CController->runActionWithFilters(Object(CInlineAction), Array)
#10 C:\xampp\htdocs\yii 1.1\framework\web\CWebApplication.php(282): CController->run('index')
#11 C:\xampp\htdocs\yii 1.1\framework\web\CWebApplication.php(141): CWebApplication->runController('gii/crud/index')
#12 C:\xampp\htdocs\yii 1.1\framework\base\CApplication.php(184): CWebApplication->processRequest()
#13 C:\xampp\htdocs\mycms\index.php(13): CApplication->run()
#14 {main}
REQUEST_URI=/mycms/index.php/gii/crud/index
HTTP_REFERER=http://localhost/mycms/index.php/gii/crud/index
---
2015/08/25 21:44:21 [error] [exception.CException] exception 'CException' with message 'Alias "application.modules.obcms.models.mycrud" is invalid. Make sure it points to an existing PHP file and the file is readable.' in C:\xampp\htdocs\yii 1.1\framework\YiiBase.php:323
Stack trace:
#0 C:\xampp\htdocs\yii 1.1\framework\gii\generators\crud\CrudCode.php(59): YiiBase::import('application.mod...', true)
#1 C:\xampp\htdocs\yii 1.1\framework\validators\CInlineValidator.php(42): CrudCode->validateModel('model', Array)
#2 C:\xampp\htdocs\yii 1.1\framework\validators\CValidator.php(201): CInlineValidator->validateAttribute(Object(CrudCode), 'model')
#3 C:\xampp\htdocs\yii 1.1\framework\base\CModel.php(159): CValidator->validate(Object(CrudCode), NULL)
#4 C:\xampp\htdocs\yii 1.1\framework\gii\CCodeGenerator.php(159): CModel->validate()
#5 C:\xampp\htdocs\yii 1.1\framework\gii\CCodeGenerator.php(63): CCodeGenerator->prepare()
#6 C:\xampp\htdocs\yii 1.1\framework\web\actions\CInlineAction.php(49): CCodeGenerator->actionIndex()
#7 C:\xampp\htdocs\yii 1.1\framework\web\CController.php(308): CInlineAction->runWithParams(Array)
#8 C:\xampp\htdocs\yii 1.1\framework\web\CController.php(286): CController->runAction(Object(CInlineAction))
#9 C:\xampp\htdocs\yii 1.1\framework\web\CController.php(265): CController->runActionWithFilters(Object(CInlineAction), Array)
#10 C:\xampp\htdocs\yii 1.1\framework\web\CWebApplication.php(282): CController->run('index')
#11 C:\xampp\htdocs\yii 1.1\framework\web\CWebApplication.php(141): CWebApplication->runController('gii/crud/index')
#12 C:\xampp\htdocs\yii 1.1\framework\base\CApplication.php(184): CWebApplication->processRequest()
#13 C:\xampp\htdocs\mycms\index.php(13): CApplication->run()
#14 {main}
REQUEST_URI=/mycms/index.php/gii/crud/index
HTTP_REFERER=http://localhost/mycms/index.php/gii/crud/index
---
2015/08/25 21:48:14 [error] [php] include(Obsection.php): failed to open stream: No such file or directory (C:\xampp\htdocs\yii 1.1\framework\YiiBase.php:432)
Stack trace:
#0 C:\xampp\htdocs\yii 1.1\framework\db\ar\CActiveRecord.php(395): spl_autoload_call()
#1 C:\xampp\htdocs\yii 1.1\framework\web\CActiveDataProvider.php(165): model()
#2 C:\xampp\htdocs\yii 1.1\framework\web\CActiveDataProvider.php(87): CActiveDataProvider->getModel()
#3 C:\xampp\htdocs\mycms\protected\controllers\ObSectionControllerController.php(125): CActiveDataProvider->__construct()
#4 C:\xampp\htdocs\yii 1.1\framework\web\actions\CInlineAction.php(49): ObSectionControllerController->actionIndex()
#5 C:\xampp\htdocs\yii 1.1\framework\web\CController.php(308): CInlineAction->runWithParams()
#6 C:\xampp\htdocs\yii 1.1\framework\web\filters\CFilterChain.php(133): ObSectionControllerController->runAction()
#7 C:\xampp\htdocs\yii 1.1\framework\web\filters\CFilter.php(40): CFilterChain->run()
#8 C:\xampp\htdocs\yii 1.1\framework\web\CController.php(1145): CAccessControlFilter->filter()
#9 C:\xampp\htdocs\yii 1.1\framework\web\filters\CInlineFilter.php(58): ObSectionControllerController->filterAccessControl()
#10 C:\xampp\htdocs\yii 1.1\framework\web\filters\CFilterChain.php(130): CInlineFilter->filter()
#11 C:\xampp\htdocs\yii 1.1\framework\web\CController.php(291): CFilterChain->run()
#12 C:\xampp\htdocs\yii 1.1\framework\web\CController.php(265): ObSectionControllerController->runActionWithFilters()
#13 C:\xampp\htdocs\yii 1.1\framework\web\CWebApplication.php(282): ObSectionControllerController->run()
#14 C:\xampp\htdocs\yii 1.1\framework\web\CWebApplication.php(141): CWebApplication->runController()
#15 C:\xampp\htdocs\yii 1.1\framework\base\CApplication.php(184): CWebApplication->processRequest()
#16 C:\xampp\htdocs\mycms\index.php(13): CWebApplication->run()
REQUEST_URI=/mycms/index.php/obSectionController
in C:\xampp\htdocs\mycms\protected\controllers\ObSectionControllerController.php (125)
in C:\xampp\htdocs\mycms\index.php (13)
2015/08/25 22:17:31 [error] [exception.CDbException] exception 'CDbException' with message 'Relation "Obsection" is not defined in active record class "Obsection".' in C:\xampp\htdocs\yii 1.1\framework\db\ar\CActiveFinder.php:226
Stack trace:
#0 C:\xampp\htdocs\yii 1.1\framework\db\ar\CActiveFinder.php(299): CActiveFinder->buildJoinTree(Object(CJoinElement), 'Obsection')
#1 C:\xampp\htdocs\yii 1.1\framework\db\ar\CActiveFinder.php(48): CActiveFinder->buildJoinTree(Object(CJoinElement), Array)
#2 C:\xampp\htdocs\yii 1.1\framework\db\ar\CActiveRecord.php(912): CActiveFinder->__construct(Object(Obsection), Array)
#3 C:\xampp\htdocs\yii 1.1\framework\db\ar\CActiveRecord.php(1360): CActiveRecord->getActiveFinder(Array)
#4 C:\xampp\htdocs\yii 1.1\framework\db\ar\CActiveRecord.php(1475): CActiveRecord->query(Object(CDbCriteria), true)
#5 C:\xampp\htdocs\mycms\protected\modules\obcms\controllers\ObSectionController.php(66): CActiveRecord->findAll()
#6 C:\xampp\htdocs\yii 1.1\framework\web\actions\CInlineAction.php(49): ObSectionController->actionCreate()
#7 C:\xampp\htdocs\yii 1.1\framework\web\CController.php(308): CInlineAction->runWithParams(Array)
#8 C:\xampp\htdocs\yii 1.1\framework\web\filters\CFilterChain.php(133): CController->runAction(Object(CInlineAction))
#9 C:\xampp\htdocs\yii 1.1\framework\web\filters\CFilter.php(40): CFilterChain->run()
#10 C:\xampp\htdocs\yii 1.1\framework\web\CController.php(1145): CFilter->filter(Object(CFilterChain))
#11 C:\xampp\htdocs\yii 1.1\framework\web\filters\CInlineFilter.php(58): CController->filterAccessControl(Object(CFilterChain))
#12 C:\xampp\htdocs\yii 1.1\framework\web\filters\CFilterChain.php(130): CInlineFilter->filter(Object(CFilterChain))
#13 C:\xampp\htdocs\yii 1.1\framework\web\CController.php(291): CFilterChain->run()
#14 C:\xampp\htdocs\yii 1.1\framework\web\CController.php(265): CController->runActionWithFilters(Object(CInlineAction), Array)
#15 C:\xampp\htdocs\yii 1.1\framework\web\CWebApplication.php(282): CController->run('create')
#16 C:\xampp\htdocs\yii 1.1\framework\web\CWebApplication.php(141): CWebApplication->runController('obcms/obSection...')
#17 C:\xampp\htdocs\yii 1.1\framework\base\CApplication.php(184): CWebApplication->processRequest()
#18 C:\xampp\htdocs\mycms\index.php(13): CApplication->run()
#19 {main}
REQUEST_URI=/mycms/index.php/obcms/obSection/create
HTTP_REFERER=http://localhost/mycms/index.php/site/login
---
2015/08/25 22:19:05 [error] [php] Undefined variable: obSection (C:\xampp\htdocs\mycms\protected\modules\obcms\views\obSection\_form.php:35)
Stack trace:
#0 C:\xampp\htdocs\yii 1.1\framework\web\CController.php(869): ObSectionController->renderFile()
#1 C:\xampp\htdocs\mycms\protected\modules\obcms\views\obSection\create.php(18): ObSectionController->renderPartial()
#2 C:\xampp\htdocs\yii 1.1\framework\web\CBaseController.php(126): require()
#3 C:\xampp\htdocs\yii 1.1\framework\web\CBaseController.php(95): ObSectionController->renderInternal()
#4 C:\xampp\htdocs\yii 1.1\framework\web\CController.php(869): ObSectionController->renderFile()
#5 C:\xampp\htdocs\yii 1.1\framework\web\CController.php(782): ObSectionController->renderPartial()
#6 C:\xampp\htdocs\mycms\protected\modules\obcms\controllers\ObSectionController.php(80): ObSectionController->render()
#7 C:\xampp\htdocs\yii 1.1\framework\web\actions\CInlineAction.php(49): ObSectionController->actionCreate()
#8 C:\xampp\htdocs\yii 1.1\framework\web\CController.php(308): CInlineAction->runWithParams()
#9 C:\xampp\htdocs\yii 1.1\framework\web\filters\CFilterChain.php(133): ObSectionController->runAction()
#10 C:\xampp\htdocs\yii 1.1\framework\web\filters\CFilter.php(40): CFilterChain->run()
#11 C:\xampp\htdocs\yii 1.1\framework\web\CController.php(1145): CAccessControlFilter->filter()
#12 C:\xampp\htdocs\yii 1.1\framework\web\filters\CInlineFilter.php(58): ObSectionController->filterAccessControl()
#13 C:\xampp\htdocs\yii 1.1\framework\web\filters\CFilterChain.php(130): CInlineFilter->filter()
#14 C:\xampp\htdocs\yii 1.1\framework\web\CController.php(291): CFilterChain->run()
#15 C:\xampp\htdocs\yii 1.1\framework\web\CController.php(265): ObSectionController->runActionWithFilters()
#16 C:\xampp\htdocs\yii 1.1\framework\web\CWebApplication.php(282): ObSectionController->run()
#17 C:\xampp\htdocs\yii 1.1\framework\web\CWebApplication.php(141): CWebApplication->runController()
#18 C:\xampp\htdocs\yii 1.1\framework\base\CApplication.php(184): CWebApplication->processRequest()
#19 C:\xampp\htdocs\mycms\index.php(13): CWebApplication->run()
REQUEST_URI=/mycms/index.php/obcms/obSection/create
in C:\xampp\htdocs\mycms\protected\modules\obcms\views\obSection\_form.php (35)
in C:\xampp\htdocs\mycms\protected\modules\obcms\views\obSection\create.php (18)
in C:\xampp\htdocs\mycms\protected\modules\obcms\controllers\ObSectionController.php (80)
2015/08/25 22:19:28 [error] [php] Undefined variable: obSection (C:\xampp\htdocs\mycms\protected\modules\obcms\views\obSection\_form.php:35)
Stack trace:
#0 C:\xampp\htdocs\yii 1.1\framework\web\CController.php(869): ObSectionController->renderFile()
#1 C:\xampp\htdocs\mycms\protected\modules\obcms\views\obSection\create.php(18): ObSectionController->renderPartial()
#2 C:\xampp\htdocs\yii 1.1\framework\web\CBaseController.php(126): require()
#3 C:\xampp\htdocs\yii 1.1\framework\web\CBaseController.php(95): ObSectionController->renderInternal()
#4 C:\xampp\htdocs\yii 1.1\framework\web\CController.php(869): ObSectionController->renderFile()
#5 C:\xampp\htdocs\yii 1.1\framework\web\CController.php(782): ObSectionController->renderPartial()
#6 C:\xampp\htdocs\mycms\protected\modules\obcms\controllers\ObSectionController.php(80): ObSectionController->render()
#7 C:\xampp\htdocs\yii 1.1\framework\web\actions\CInlineAction.php(49): ObSectionController->actionCreate()
#8 C:\xampp\htdocs\yii 1.1\framework\web\CController.php(308): CInlineAction->runWithParams()
#9 C:\xampp\htdocs\yii 1.1\framework\web\filters\CFilterChain.php(133): ObSectionController->runAction()
#10 C:\xampp\htdocs\yii 1.1\framework\web\filters\CFilter.php(40): CFilterChain->run()
#11 C:\xampp\htdocs\yii 1.1\framework\web\CController.php(1145): CAccessControlFilter->filter()
#12 C:\xampp\htdocs\yii 1.1\framework\web\filters\CInlineFilter.php(58): ObSectionController->filterAccessControl()
#13 C:\xampp\htdocs\yii 1.1\framework\web\filters\CFilterChain.php(130): CInlineFilter->filter()
#14 C:\xampp\htdocs\yii 1.1\framework\web\CController.php(291): CFilterChain->run()
#15 C:\xampp\htdocs\yii 1.1\framework\web\CController.php(265): ObSectionController->runActionWithFilters()
#16 C:\xampp\htdocs\yii 1.1\framework\web\CWebApplication.php(282): ObSectionController->run()
#17 C:\xampp\htdocs\yii 1.1\framework\web\CWebApplication.php(141): CWebApplication->runController()
#18 C:\xampp\htdocs\yii 1.1\framework\base\CApplication.php(184): CWebApplication->processRequest()
#19 C:\xampp\htdocs\mycms\index.php(13): CWebApplication->run()
REQUEST_URI=/mycms/index.php/obcms/obSection/create
in C:\xampp\htdocs\mycms\protected\modules\obcms\views\obSection\_form.php (35)
in C:\xampp\htdocs\mycms\protected\modules\obcms\views\obSection\create.php (18)
in C:\xampp\htdocs\mycms\protected\modules\obcms\controllers\ObSectionController.php (80)
